<?xml version="1.0" encoding="UTF-8"?>
<testng-results ignored="0" total="6" passed="6" failed="0" skipped="0">
  <reporter-output>
  </reporter-output>
  <suite started-at="2022-04-27T14:09:30 CDT" name="Suite" finished-at="2022-04-27T14:11:50 CDT" duration-ms="139987">
    <groups>
    </groups>
    <test started-at="2022-04-27T14:09:30 CDT" name="Test" finished-at="2022-04-27T14:11:50 CDT" duration-ms="139987">
      <class name="com.demoblaze.login.PositiveLoginTests">
        <test-method is-config="true" signature="setUp()[pri:0, instance:com.demoblaze.login.PositiveLoginTests@5223e5ee]" started-at="2022-04-27T14:09:30 CDT" name="setUp" finished-at="2022-04-27T14:09:31 CDT" duration-ms="1140" status="PASS">
          <reporter-output>
          </reporter-output>
        </test-method> <!-- setUp -->
        <test-method signature="loginTest(int,java.lang.String,java.lang.String)[pri:0, instance:com.demoblaze.login.PositiveLoginTests@5223e5ee]" started-at="2022-04-27T14:09:31 CDT" name="loginTest" data-provider="validUsers" finished-at="2022-04-27T14:09:40 CDT" duration-ms="9627" status="PASS">
          <params>
            <param index="0">
              <value>
                <![CDATA[1]]>
              </value>
            </param>
            <param index="1">
              <value>
                <![CDATA[ederr.martinez]]>
              </value>
            </param>
            <param index="2">
              <value>
                <![CDATA[damian]]>
              </value>
            </param>
          </params>
          <reporter-output>
          </reporter-output>
        </test-method> <!-- loginTest -->
        <test-method is-config="true" signature="tearDown()[pri:0, instance:com.demoblaze.login.PositiveLoginTests@5223e5ee]" started-at="2022-04-27T14:09:40 CDT" name="tearDown" finished-at="2022-04-27T14:09:41 CDT" duration-ms="110" status="PASS">
          <reporter-output>
          </reporter-output>
        </test-method> <!-- tearDown -->
      </class> <!-- com.demoblaze.login.PositiveLoginTests -->
      <class name="com.demoblaze.login.NegativeLoginTest">
        <test-method is-config="true" signature="setUp()[pri:0, instance:com.demoblaze.login.NegativeLoginTest@7e0b85f9]" started-at="2022-04-27T14:09:41 CDT" name="setUp" finished-at="2022-04-27T14:09:41 CDT" duration-ms="805" status="PASS">
          <reporter-output>
          </reporter-output>
        </test-method> <!-- setUp -->
        <test-method signature="loginTest(int,java.lang.String,java.lang.String,java.lang.String)[pri:0, instance:com.demoblaze.login.NegativeLoginTest@7e0b85f9]" started-at="2022-04-27T14:09:41 CDT" name="loginTest" data-provider="invalidUsers" finished-at="2022-04-27T14:10:06 CDT" duration-ms="24514" status="PASS">
          <params>
            <param index="0">
              <value>
                <![CDATA[1]]>
              </value>
            </param>
            <param index="1">
              <value>
                <![CDATA[user]]>
              </value>
            </param>
            <param index="2">
              <value>
                <![CDATA[]]>
              </value>
            </param>
            <param index="3">
              <value>
                <![CDATA[Please fill out Username and Password.]]>
              </value>
            </param>
          </params>
          <reporter-output>
          </reporter-output>
        </test-method> <!-- loginTest -->
        <test-method is-config="true" signature="tearDown()[pri:0, instance:com.demoblaze.login.NegativeLoginTest@7e0b85f9]" started-at="2022-04-27T14:10:06 CDT" name="tearDown" finished-at="2022-04-27T14:10:06 CDT" duration-ms="104" status="PASS">
          <reporter-output>
          </reporter-output>
        </test-method> <!-- tearDown -->
        <test-method is-config="true" signature="setUp()[pri:0, instance:com.demoblaze.login.NegativeLoginTest@7e0b85f9]" started-at="2022-04-27T14:10:06 CDT" name="setUp" finished-at="2022-04-27T14:10:07 CDT" duration-ms="1039" status="PASS">
          <reporter-output>
          </reporter-output>
        </test-method> <!-- setUp -->
        <test-method signature="loginTest(int,java.lang.String,java.lang.String,java.lang.String)[pri:0, instance:com.demoblaze.login.NegativeLoginTest@7e0b85f9]" started-at="2022-04-27T14:10:07 CDT" name="loginTest" data-provider="invalidUsers" finished-at="2022-04-27T14:10:32 CDT" duration-ms="24611" status="PASS">
          <params>
            <param index="0">
              <value>
                <![CDATA[2]]>
              </value>
            </param>
            <param index="1">
              <value>
                <![CDATA[]]>
              </value>
            </param>
            <param index="2">
              <value>
                <![CDATA[password]]>
              </value>
            </param>
            <param index="3">
              <value>
                <![CDATA[Please fill out Username and Password.]]>
              </value>
            </param>
          </params>
          <reporter-output>
          </reporter-output>
        </test-method> <!-- loginTest -->
        <test-method is-config="true" signature="tearDown()[pri:0, instance:com.demoblaze.login.NegativeLoginTest@7e0b85f9]" started-at="2022-04-27T14:10:32 CDT" name="tearDown" finished-at="2022-04-27T14:10:32 CDT" duration-ms="95" status="PASS">
          <reporter-output>
          </reporter-output>
        </test-method> <!-- tearDown -->
        <test-method is-config="true" signature="setUp()[pri:0, instance:com.demoblaze.login.NegativeLoginTest@7e0b85f9]" started-at="2022-04-27T14:10:32 CDT" name="setUp" finished-at="2022-04-27T14:10:32 CDT" duration-ms="749" status="PASS">
          <reporter-output>
          </reporter-output>
        </test-method> <!-- setUp -->
        <test-method signature="loginTest(int,java.lang.String,java.lang.String,java.lang.String)[pri:0, instance:com.demoblaze.login.NegativeLoginTest@7e0b85f9]" started-at="2022-04-27T14:10:32 CDT" name="loginTest" data-provider="invalidUsers" finished-at="2022-04-27T14:10:57 CDT" duration-ms="24637" status="PASS">
          <params>
            <param index="0">
              <value>
                <![CDATA[3]]>
              </value>
            </param>
            <param index="1">
              <value>
                <![CDATA[]]>
              </value>
            </param>
            <param index="2">
              <value>
                <![CDATA[]]>
              </value>
            </param>
            <param index="3">
              <value>
                <![CDATA[Please fill out Username and Password.]]>
              </value>
            </param>
          </params>
          <reporter-output>
          </reporter-output>
        </test-method> <!-- loginTest -->
        <test-method is-config="true" signature="tearDown()[pri:0, instance:com.demoblaze.login.NegativeLoginTest@7e0b85f9]" started-at="2022-04-27T14:10:57 CDT" name="tearDown" finished-at="2022-04-27T14:10:57 CDT" duration-ms="92" status="PASS">
          <reporter-output>
          </reporter-output>
        </test-method> <!-- tearDown -->
        <test-method is-config="true" signature="setUp()[pri:0, instance:com.demoblaze.login.NegativeLoginTest@7e0b85f9]" started-at="2022-04-27T14:10:57 CDT" name="setUp" finished-at="2022-04-27T14:10:58 CDT" duration-ms="865" status="PASS">
          <reporter-output>
          </reporter-output>
        </test-method> <!-- setUp -->
        <test-method signature="loginTest(int,java.lang.String,java.lang.String,java.lang.String)[pri:0, instance:com.demoblaze.login.NegativeLoginTest@7e0b85f9]" started-at="2022-04-27T14:10:58 CDT" name="loginTest" data-provider="invalidUsers" finished-at="2022-04-27T14:11:23 CDT" duration-ms="25349" status="PASS">
          <params>
            <param index="0">
              <value>
                <![CDATA[4]]>
              </value>
            </param>
            <param index="1">
              <value>
                <![CDATA[adsfadfsdf]]>
              </value>
            </param>
            <param index="2">
              <value>
                <![CDATA[sdsfsdfaa]]>
              </value>
            </param>
            <param index="3">
              <value>
                <![CDATA[User does not exist.]]>
              </value>
            </param>
          </params>
          <reporter-output>
          </reporter-output>
        </test-method> <!-- loginTest -->
        <test-method is-config="true" signature="tearDown()[pri:0, instance:com.demoblaze.login.NegativeLoginTest@7e0b85f9]" started-at="2022-04-27T14:11:23 CDT" name="tearDown" finished-at="2022-04-27T14:11:24 CDT" duration-ms="205" status="PASS">
          <reporter-output>
          </reporter-output>
        </test-method> <!-- tearDown -->
        <test-method is-config="true" signature="setUp()[pri:0, instance:com.demoblaze.login.NegativeLoginTest@7e0b85f9]" started-at="2022-04-27T14:11:24 CDT" name="setUp" finished-at="2022-04-27T14:11:24 CDT" duration-ms="790" status="PASS">
          <reporter-output>
          </reporter-output>
        </test-method> <!-- setUp -->
        <test-method signature="loginTest(int,java.lang.String,java.lang.String,java.lang.String)[pri:0, instance:com.demoblaze.login.NegativeLoginTest@7e0b85f9]" started-at="2022-04-27T14:11:24 CDT" name="loginTest" data-provider="invalidUsers" finished-at="2022-04-27T14:11:49 CDT" duration-ms="25096" status="PASS">
          <params>
            <param index="0">
              <value>
                <![CDATA[5]]>
              </value>
            </param>
            <param index="1">
              <value>
                <![CDATA[ederr.martinez]]>
              </value>
            </param>
            <param index="2">
              <value>
                <![CDATA[sdsfsdfaa]]>
              </value>
            </param>
            <param index="3">
              <value>
                <![CDATA[Wrong password.]]>
              </value>
            </param>
          </params>
          <reporter-output>
          </reporter-output>
        </test-method> <!-- loginTest -->
        <test-method is-config="true" signature="tearDown()[pri:0, instance:com.demoblaze.login.NegativeLoginTest@7e0b85f9]" started-at="2022-04-27T14:11:49 CDT" name="tearDown" finished-at="2022-04-27T14:11:50 CDT" duration-ms="119" status="PASS">
          <reporter-output>
          </reporter-output>
        </test-method> <!-- tearDown -->
      </class> <!-- com.demoblaze.login.NegativeLoginTest -->
    </test> <!-- Test -->
  </suite> <!-- Suite -->
</testng-results>
