<?xml version="1.0" encoding="UTF-8"?>
<testng-results ignored="0" total="6" passed="6" failed="0" skipped="0">
  <reporter-output>
  </reporter-output>
  <suite started-at="2022-04-27T16:16:30 CDT" name="Suite" finished-at="2022-04-27T16:18:50 CDT" duration-ms="139287">
    <groups>
    </groups>
    <test started-at="2022-04-27T16:16:30 CDT" name="Test" finished-at="2022-04-27T16:18:50 CDT" duration-ms="139287">
      <class name="com.demoblaze.login.PositiveLoginTests">
        <test-method is-config="true" signature="setUp()[pri:0, instance:com.demoblaze.login.PositiveLoginTests@1d119efb]" started-at="2022-04-27T16:16:31 CDT" name="setUp" finished-at="2022-04-27T16:16:32 CDT" duration-ms="1094" status="PASS">
          <reporter-output>
          </reporter-output>
        </test-method> <!-- setUp -->
        <test-method signature="loginTest(int,java.lang.String,java.lang.String)[pri:0, instance:com.demoblaze.login.PositiveLoginTests@1d119efb]" started-at="2022-04-27T16:16:32 CDT" name="loginTest" data-provider="validUsers" finished-at="2022-04-27T16:16:41 CDT" duration-ms="9515" status="PASS">
          <params>
            <param index="0">
              <value>
                <![CDATA[1]]>
              </value>
            </param>
            <param index="1">
              <value>
                <![CDATA[ederr.martinez]]>
              </value>
            </param>
            <param index="2">
              <value>
                <![CDATA[damian]]>
              </value>
            </param>
          </params>
          <reporter-output>
          </reporter-output>
        </test-method> <!-- loginTest -->
        <test-method is-config="true" signature="tearDown()[pri:0, instance:com.demoblaze.login.PositiveLoginTests@1d119efb]" started-at="2022-04-27T16:16:41 CDT" name="tearDown" finished-at="2022-04-27T16:16:41 CDT" duration-ms="125" status="PASS">
          <reporter-output>
          </reporter-output>
        </test-method> <!-- tearDown -->
      </class> <!-- com.demoblaze.login.PositiveLoginTests -->
      <class name="com.demoblaze.login.NegativeLoginTest">
        <test-method is-config="true" signature="setUp()[pri:0, instance:com.demoblaze.login.NegativeLoginTest@1700915]" started-at="2022-04-27T16:16:41 CDT" name="setUp" finished-at="2022-04-27T16:16:42 CDT" duration-ms="728" status="PASS">
          <reporter-output>
          </reporter-output>
        </test-method> <!-- setUp -->
        <test-method signature="loginTest(int,java.lang.String,java.lang.String,java.lang.String)[pri:0, instance:com.demoblaze.login.NegativeLoginTest@1700915]" started-at="2022-04-27T16:16:42 CDT" name="loginTest" data-provider="invalidUsers" finished-at="2022-04-27T16:17:07 CDT" duration-ms="24673" status="PASS">
          <params>
            <param index="0">
              <value>
                <![CDATA[1]]>
              </value>
            </param>
            <param index="1">
              <value>
                <![CDATA[user]]>
              </value>
            </param>
            <param index="2">
              <value>
                <![CDATA[]]>
              </value>
            </param>
            <param index="3">
              <value>
                <![CDATA[Please fill out Username and Password.]]>
              </value>
            </param>
          </params>
          <reporter-output>
          </reporter-output>
        </test-method> <!-- loginTest -->
        <test-method is-config="true" signature="tearDown()[pri:0, instance:com.demoblaze.login.NegativeLoginTest@1700915]" started-at="2022-04-27T16:17:07 CDT" name="tearDown" finished-at="2022-04-27T16:17:07 CDT" duration-ms="145" status="PASS">
          <reporter-output>
          </reporter-output>
        </test-method> <!-- tearDown -->
        <test-method is-config="true" signature="setUp()[pri:0, instance:com.demoblaze.login.NegativeLoginTest@1700915]" started-at="2022-04-27T16:17:07 CDT" name="setUp" finished-at="2022-04-27T16:17:08 CDT" duration-ms="776" status="PASS">
          <reporter-output>
          </reporter-output>
        </test-method> <!-- setUp -->
        <test-method signature="loginTest(int,java.lang.String,java.lang.String,java.lang.String)[pri:0, instance:com.demoblaze.login.NegativeLoginTest@1700915]" started-at="2022-04-27T16:17:08 CDT" name="loginTest" data-provider="invalidUsers" finished-at="2022-04-27T16:17:32 CDT" duration-ms="24669" status="PASS">
          <params>
            <param index="0">
              <value>
                <![CDATA[2]]>
              </value>
            </param>
            <param index="1">
              <value>
                <![CDATA[]]>
              </value>
            </param>
            <param index="2">
              <value>
                <![CDATA[password]]>
              </value>
            </param>
            <param index="3">
              <value>
                <![CDATA[Please fill out Username and Password.]]>
              </value>
            </param>
          </params>
          <reporter-output>
          </reporter-output>
        </test-method> <!-- loginTest -->
        <test-method is-config="true" signature="tearDown()[pri:0, instance:com.demoblaze.login.NegativeLoginTest@1700915]" started-at="2022-04-27T16:17:32 CDT" name="tearDown" finished-at="2022-04-27T16:17:32 CDT" duration-ms="151" status="PASS">
          <reporter-output>
          </reporter-output>
        </test-method> <!-- tearDown -->
        <test-method is-config="true" signature="setUp()[pri:0, instance:com.demoblaze.login.NegativeLoginTest@1700915]" started-at="2022-04-27T16:17:32 CDT" name="setUp" finished-at="2022-04-27T16:17:33 CDT" duration-ms="813" status="PASS">
          <reporter-output>
          </reporter-output>
        </test-method> <!-- setUp -->
        <test-method signature="loginTest(int,java.lang.String,java.lang.String,java.lang.String)[pri:0, instance:com.demoblaze.login.NegativeLoginTest@1700915]" started-at="2022-04-27T16:17:33 CDT" name="loginTest" data-provider="invalidUsers" finished-at="2022-04-27T16:17:58 CDT" duration-ms="24591" status="PASS">
          <params>
            <param index="0">
              <value>
                <![CDATA[3]]>
              </value>
            </param>
            <param index="1">
              <value>
                <![CDATA[]]>
              </value>
            </param>
            <param index="2">
              <value>
                <![CDATA[]]>
              </value>
            </param>
            <param index="3">
              <value>
                <![CDATA[Please fill out Username and Password.]]>
              </value>
            </param>
          </params>
          <reporter-output>
          </reporter-output>
        </test-method> <!-- loginTest -->
        <test-method is-config="true" signature="tearDown()[pri:0, instance:com.demoblaze.login.NegativeLoginTest@1700915]" started-at="2022-04-27T16:17:58 CDT" name="tearDown" finished-at="2022-04-27T16:17:58 CDT" duration-ms="147" status="PASS">
          <reporter-output>
          </reporter-output>
        </test-method> <!-- tearDown -->
        <test-method is-config="true" signature="setUp()[pri:0, instance:com.demoblaze.login.NegativeLoginTest@1700915]" started-at="2022-04-27T16:17:58 CDT" name="setUp" finished-at="2022-04-27T16:17:59 CDT" duration-ms="765" status="PASS">
          <reporter-output>
          </reporter-output>
        </test-method> <!-- setUp -->
        <test-method signature="loginTest(int,java.lang.String,java.lang.String,java.lang.String)[pri:0, instance:com.demoblaze.login.NegativeLoginTest@1700915]" started-at="2022-04-27T16:17:59 CDT" name="loginTest" data-provider="invalidUsers" finished-at="2022-04-27T16:18:24 CDT" duration-ms="25191" status="PASS">
          <params>
            <param index="0">
              <value>
                <![CDATA[4]]>
              </value>
            </param>
            <param index="1">
              <value>
                <![CDATA[adsfadfsdf]]>
              </value>
            </param>
            <param index="2">
              <value>
                <![CDATA[sdsfsdfaa]]>
              </value>
            </param>
            <param index="3">
              <value>
                <![CDATA[User does not exist.]]>
              </value>
            </param>
          </params>
          <reporter-output>
          </reporter-output>
        </test-method> <!-- loginTest -->
        <test-method is-config="true" signature="tearDown()[pri:0, instance:com.demoblaze.login.NegativeLoginTest@1700915]" started-at="2022-04-27T16:18:24 CDT" name="tearDown" finished-at="2022-04-27T16:18:24 CDT" duration-ms="115" status="PASS">
          <reporter-output>
          </reporter-output>
        </test-method> <!-- tearDown -->
        <test-method is-config="true" signature="setUp()[pri:0, instance:com.demoblaze.login.NegativeLoginTest@1700915]" started-at="2022-04-27T16:18:24 CDT" name="setUp" finished-at="2022-04-27T16:18:25 CDT" duration-ms="763" status="PASS">
          <reporter-output>
          </reporter-output>
        </test-method> <!-- setUp -->
        <test-method signature="loginTest(int,java.lang.String,java.lang.String,java.lang.String)[pri:0, instance:com.demoblaze.login.NegativeLoginTest@1700915]" started-at="2022-04-27T16:18:25 CDT" name="loginTest" data-provider="invalidUsers" finished-at="2022-04-27T16:18:49 CDT" duration-ms="24611" status="PASS">
          <params>
            <param index="0">
              <value>
                <![CDATA[5]]>
              </value>
            </param>
            <param index="1">
              <value>
                <![CDATA[ederr.martinez]]>
              </value>
            </param>
            <param index="2">
              <value>
                <![CDATA[sdsfsdfaa]]>
              </value>
            </param>
            <param index="3">
              <value>
                <![CDATA[Wrong password.]]>
              </value>
            </param>
          </params>
          <reporter-output>
          </reporter-output>
        </test-method> <!-- loginTest -->
        <test-method is-config="true" signature="tearDown()[pri:0, instance:com.demoblaze.login.NegativeLoginTest@1700915]" started-at="2022-04-27T16:18:49 CDT" name="tearDown" finished-at="2022-04-27T16:18:50 CDT" duration-ms="113" status="PASS">
          <reporter-output>
          </reporter-output>
        </test-method> <!-- tearDown -->
      </class> <!-- com.demoblaze.login.NegativeLoginTest -->
    </test> <!-- Test -->
  </suite> <!-- Suite -->
</testng-results>
