<?xml version="1.0" encoding="UTF-8"?>
<!-- Generated by org.testng.reporters.JUnitXMLReporter -->
<testsuite ignored="0" hostname="LSTKMY233623" failures="0" tests="6" name="Test" time="109.618" errors="0" timestamp="2022-04-27T17:29:04 CDT">
  <testcase classname="com.demoblaze.login.PositiveLoginTests" name="loginTest" time="10.345"/>
  <testcase classname="com.demoblaze.login.NegativeLoginTest" name="loginTest" time="8.731"/>
  <testcase classname="com.demoblaze.login.NegativeLoginTest" name="loginTest" time="8.862"/>
  <testcase classname="com.demoblaze.login.NegativeLoginTest" name="loginTest" time="24.714"/>
  <testcase classname="com.demoblaze.login.NegativeLoginTest" name="loginTest" time="25.3"/>
  <testcase classname="com.demoblaze.login.NegativeLoginTest" name="loginTest" time="25.375"/>
</testsuite> <!-- Test -->
