<?xml version="1.0" encoding="UTF-8"?>
<!-- Generated by org.testng.reporters.JUnitXMLReporter -->
<testsuite ignored="0" hostname="LSTKMY233623" failures="0" tests="6" name="Test" time="139.987" errors="0" timestamp="2022-04-27T14:11:50 CDT">
  <testcase classname="com.demoblaze.login.PositiveLoginTests" name="loginTest" time="9.627"/>
  <testcase classname="com.demoblaze.login.NegativeLoginTest" name="loginTest" time="24.514"/>
  <testcase classname="com.demoblaze.login.NegativeLoginTest" name="loginTest" time="24.611"/>
  <testcase classname="com.demoblaze.login.NegativeLoginTest" name="loginTest" time="24.637"/>
  <testcase classname="com.demoblaze.login.NegativeLoginTest" name="loginTest" time="25.349"/>
  <testcase classname="com.demoblaze.login.NegativeLoginTest" name="loginTest" time="25.096"/>
</testsuite> <!-- Test -->
